<?xml version="1.0" encoding="UTF-8"?>
<!-- Generated by org.testng.reporters.JUnitReportReporter -->
<testsuite hostname="SHARAD-ABHAY" failures="0" tests="1" name="pagefactory_testng.JiomartTest" time="0.031" errors="0" timestamp="2023-04-16T10:08:10 IST" skipped="0">
  <testcase classname="pagefactory_testng.JiomartTest" name="verifySignin" time="0.031"/>
  <system-out>
    <![CDATA[Testcase is pass ]]>
  </system-out>
</testsuite> <!-- pagefactory_testng.JiomartTest -->
