<?xml version="1.0" encoding="UTF-8"?>
<!-- Generated by org.testng.reporters.JUnitReportReporter -->
<testsuite hostname="SHARAD-ABHAY" failures="0" tests="1" name="pagefactory_testng.FileUploading" time="22.759" errors="0" timestamp="2023-04-18T18:59:22 IST" skipped="0">
  <testcase classname="pagefactory_testng.FileUploading" name="uploadFile" time="22.759"/>
  <system-out/>
</testsuite> <!-- pagefactory_testng.FileUploading -->
