<?xml version="1.0" encoding="UTF-8"?>
<!-- Generated by org.testng.reporters.JUnitReportReporter -->
<testsuite hostname="SHARAD-ABHAY" failures="0" tests="1" name="pagefactory_testng.PrintSuggetions" time="41.405" errors="0" timestamp="2023-04-16T13:53:57 IST" skipped="0">
  <testcase classname="pagefactory_testng.PrintSuggetions" name="printSugetions" time="41.405"/>
  <system-out/>
</testsuite> <!-- pagefactory_testng.PrintSuggetions -->
