<?xml version="1.0" encoding="UTF-8"?>
<!-- Generated by org.testng.reporters.JUnitReportReporter -->
<testsuite hostname="SHARAD-ABHAY" failures="0" tests="1" name="pagefactory_testng.UpdateNaukriResume" time="36.541" errors="0" timestamp="2023-04-23T10:30:11 IST" skipped="0">
  <testcase classname="pagefactory_testng.UpdateNaukriResume" name="updateResume" time="36.541"/>
  <system-out/>
</testsuite> <!-- pagefactory_testng.UpdateNaukriResume -->
