<?xml version="1.0" encoding="UTF-8"?>
<!-- Generated by org.testng.reporters.JUnitReportReporter -->
<testsuite hostname="SHARAD-ABHAY" failures="0" tests="1" name="pagefactory_testng.imdwikiTest" time="82.888" errors="0" timestamp="2023-02-21T14:30:30 IST" skipped="0">
  <testcase classname="pagefactory_testng.imdwikiTest" name="VerifyText" time="82.888"/>
  <system-out>
    <![CDATA[December 17, 2021 (United States)
India
17 December 2021
India]]>
  </system-out>
</testsuite> <!-- pagefactory_testng.imdwikiTest -->
